# 操作日志 - 2024年12月24日

## 今日操作记录

### 1. 创建PRD需求文档
- **时间**: 2024-12-24 14:15
- **操作**: 创建H5视频转GIF网页应用的详细需求文档
- **文件**: `d:\code_test\code_test\视频转gif\prd.md`
- **内容包含**:
  - 项目概述和背景
  - 详细功能需求（视频上传、预览、时间切片、GIF转换、下载）
  - 技术要求（前端技术栈、浏览器兼容性、性能要求）
  - UI设计规范（现代商务风格、响应式布局）
  - 技术实现要点和关键技术
  - 测试需求和部署维护计划
  - 风险评估和项目里程碑

### 2. 文档特点
- **详细程度**: 非常详细，包含具体的界面设计mockup
- **技术深度**: 涵盖前端实现的技术细节和代码示例
- **实用性**: 包含完整的开发、测试、部署流程
- **用户体验**: 重点关注用户操作的友好性和界面美观性

### 3. 技术亮点
- 采用纯前端技术实现视频处理
- 使用现代Web API（WebCodecs、Canvas、Web Workers）
- 响应式设计适配多种设备
- 性能优化策略（内存管理、异步处理）

### 4. 后续计划
根据PRD文档，下一步可以开始：
- 项目结构搭建
- 核心功能模块开发
- UI界面实现
- 测试和优化

---

**日志创建时间**: 2024年12月24日 14:20  
**操作员**: AI Assistant  
**状态**: 完成